<?xml version="1.0" encoding="UTF-8"?>
<!-- Generated by org.testng.reporters.JUnitReportReporter -->
<testsuite hostname="WarMachine" failures="0" tests="1" name="tests.HomePageTest$homeinPageTest" time="0.021" errors="0" timestamp="2025-03-19T14:09:49 IST" skipped="0">
  <testcase classname="tests.HomePageTest$homeinPageTest" name="testURL" time="0.021"/>
</testsuite> <!-- tests.HomePageTest$homeinPageTest -->
