<?xml version="1.0" encoding="UTF-8"?>
<!-- Generated by org.testng.reporters.JUnitReportReporter -->
<testsuite hostname="WarMachine" failures="0" tests="1" name="tests.UserSignUpPageTest" time="14.450" errors="0" timestamp="2025-04-04T15:32:01 IST" skipped="0">
  <testcase classname="tests.UserSignUpPageTest" name="Sign" time="14.450"/>
</testsuite> <!-- tests.UserSignUpPageTest -->
