<?xml version="1.0" encoding="UTF-8"?>
<!-- Generated by org.testng.reporters.JUnitReportReporter -->
<testsuite hostname="WarMachine" failures="0" tests="2" name="tests.LoginPageTest" time="0.972" errors="0" timestamp="2025-03-25T21:49:17 IST" skipped="0">
  <testcase classname="tests.LoginPageTest" name="testLogin" time="0.289"/>
  <testcase classname="tests.LoginPageTest" name="testProductSelection" time="0.683"/>
</testsuite> <!-- tests.LoginPageTest -->
