<?xml version="1.0" encoding="UTF-8"?>
<!-- Generated by org.testng.reporters.JUnitReportReporter -->
<testsuite hostname="DESKTOP-LB3IEM5" failures="0" tests="1" name="tests.HomePageTest" time="0.987" errors="0" timestamp="2025-03-20T13:01:11 IST" skipped="0">
  <testcase classname="tests.HomePageTest" name="home_show" time="0.987"/>
</testsuite> <!-- tests.HomePageTest -->
