<?xml version="1.0" encoding="UTF-8"?>
<!-- Generated by org.testng.reporters.JUnitReportReporter -->
<testsuite hostname="WarMachine" failures="0" tests="1" name="tests.HomePageTest" time="0.025" errors="0" timestamp="2025-03-19T14:58:56 IST" skipped="0">
  <testcase classname="tests.HomePageTest" name="testURL" time="0.025"/>
</testsuite> <!-- tests.HomePageTest -->
