<?xml version="1.0" encoding="UTF-8"?>
<!-- Generated by org.testng.reporters.JUnitReportReporter -->
<testsuite hostname="WarMachine" failures="0" tests="1" name="tests.HomePageTest" time="0.609" errors="0" timestamp="2025-03-21T09:25:12 IST" skipped="0">
  <testcase classname="tests.HomePageTest" name="home_show" time="0.609"/>
</testsuite> <!-- tests.HomePageTest -->
