<?xml version="1.0" encoding="UTF-8"?>
<!-- Generated by org.testng.reporters.JUnitReportReporter -->
<testsuite hostname="WarMachine" failures="0" tests="1" name="tests.SignUpPageTest" time="1.527" errors="0" timestamp="2025-03-21T10:28:46 IST" skipped="0">
  <testcase classname="tests.SignUpPageTest" name="Sign" time="1.527"/>
</testsuite> <!-- tests.SignUpPageTest -->
