<?xml version="1.0" encoding="UTF-8"?>
<!-- Generated by org.testng.reporters.JUnitReportReporter -->
<testsuite hostname="WarMachine" failures="0" tests="1" name="tests.AdminPageTest" time="2.925" errors="0" timestamp="2025-03-30T15:51:32 IST" skipped="0">
  <testcase classname="tests.AdminPageTest" name="Sign" time="2.925"/>
</testsuite> <!-- tests.AdminPageTest -->
