<?xml version="1.0" encoding="UTF-8"?>
<!-- Generated by org.testng.reporters.JUnitReportReporter -->
<testsuite hostname="WarMachine" failures="0" tests="1" name="tests.AdminPageTest" time="5.829" errors="0" timestamp="2025-04-04T15:08:37 IST" skipped="0">
  <testcase classname="tests.AdminPageTest" name="Sign" time="5.829"/>
</testsuite> <!-- tests.AdminPageTest -->
