<?xml version="1.0" encoding="UTF-8"?>
<!-- Generated by org.testng.reporters.JUnitReportReporter -->
<testsuite hostname="WarMachine" failures="0" tests="2" name="tests.SignUpPageTest" time="2.678" errors="0" timestamp="2025-03-21T13:18:51 IST" skipped="0">
  <testcase classname="tests.SignUpPageTest" name="SignUp" time="1.438"/>
  <testcase classname="tests.SignUpPageTest" name="DuplicateSign" time="1.240"/>
</testsuite> <!-- tests.SignUpPageTest -->
